The target system is: Android - 1 - i686
The host system is: Linux - 5.8.0-48-generic - x86_64
Determining if the C compiler works passed with the following output:
Change Dir: /home/arisetiawan4601/Dev/BaktiLabB201/OpenCV451/.cxx/cmake/release/x86/CMakeFiles/CMakeTmp

Run Build Command:"/home/arisetiawan4601/Android/Sdk/cmake/3.10.2.4988404/bin/ninja" "cmTC_33235"
[1/2] Building C object CMakeFiles/cmTC_33235.dir/testCCompiler.c.o
[2/2] Linking C executable cmTC_33235


Detecting C compiler ABI info compiled with the following output:
Change Dir: /home/arisetiawan4601/Dev/BaktiLabB201/OpenCV451/.cxx/cmake/release/x86/CMakeFiles/CMakeTmp

Run Build Command:"/home/arisetiawan4601/Android/Sdk/cmake/3.10.2.4988404/bin/ninja" "cmTC_f15f5"
[1/2] Building C object CMakeFiles/cmTC_f15f5.dir/CMakeCCompilerABI.c.o
[2/2] Linking C executable cmTC_f15f5
Android (6317467 based on r365631c1) clang version 9.0.8 (https://android.googlesource.com/toolchain/llvm-project e0caee08e5f09b374a27a676d04978c81fcb1928) (based on LLVM 9.0.8svn)
Target: i686-none-linux-android21
Thread model: posix
InstalledDir: /home/arisetiawan4601/Android/Sdk/ndk/21.1.6352462/toolchains/llvm/prebuilt/linux-x86_64/bin
Found candidate GCC installation: /home/arisetiawan4601/Android/Sdk/ndk/21.1.6352462/toolchains/llvm/prebuilt/linux-x86_64/lib/gcc/i686-linux-android/4.9.x
Found candidate GCC installation: /home/arisetiawan4601/Android/Sdk/ndk/21.1.6352462/toolchains/llvm/prebuilt/linux-x86_64/lib/gcc/x86_64-linux-android/4.9.x
Selected GCC installation: /home/arisetiawan4601/Android/Sdk/ndk/21.1.6352462/toolchains/llvm/prebuilt/linux-x86_64/lib/gcc/i686-linux-android/4.9.x
Candidate multilib: .;@m32
Selected multilib: .;@m32
 "/home/arisetiawan4601/Android/Sdk/ndk/21.1.6352462/toolchains/llvm/prebuilt/linux-x86_64/lib/gcc/i686-linux-android/4.9.x/../../../../i686-linux-android/bin/ld" --sysroot=/home/arisetiawan4601/Android/Sdk/ndk/21.1.6352462/toolchains/llvm/prebuilt/linux-x86_64/sysroot -pie -z noexecstack --warn-shared-textrel -z now -z relro --hash-style=both --enable-new-dtags --eh-frame-hdr -m elf_i386 -dynamic-linker /system/bin/linker -o cmTC_f15f5 /home/arisetiawan4601/Android/Sdk/ndk/21.1.6352462/toolchains/llvm/prebuilt/linux-x86_64/sysroot/usr/lib/i686-linux-android/21/crtbegin_dynamic.o -L/home/arisetiawan4601/Android/Sdk/ndk/21.1.6352462/toolchains/llvm/prebuilt/linux-x86_64/lib64/clang/9.0.8/lib/linux/i386 -L/home/arisetiawan4601/Android/Sdk/ndk/21.1.6352462/toolchains/llvm/prebuilt/linux-x86_64/lib/gcc/i686-linux-android/4.9.x -L/home/arisetiawan4601/Android/Sdk/ndk/21.1.6352462/toolchains/llvm/prebuilt/linux-x86_64/sysroot/usr/lib/i686-linux-android/21 -L/home/arisetiawan4601/Android/Sdk/ndk/21.1.6352462/toolchains/llvm/prebuilt/linux-x86_64/sysroot/usr/lib/i686-linux-android -L/home/arisetiawan4601/Android/Sdk/ndk/21.1.6352462/toolchains/llvm/prebuilt/linux-x86_64/lib/gcc/i686-linux-android/4.9.x/../../../../i686-linux-android/lib -L/home/arisetiawan4601/Android/Sdk/ndk/21.1.6352462/toolchains/llvm/prebuilt/linux-x86_64/sysroot/usr/lib --exclude-libs libgcc.a --exclude-libs libgcc_real.a --exclude-libs libatomic.a --build-id --fatal-warnings --no-undefined --gc-sections CMakeFiles/cmTC_f15f5.dir/CMakeCCompilerABI.c.o -lgcc -ldl -lc -lgcc -ldl /home/arisetiawan4601/Android/Sdk/ndk/21.1.6352462/toolchains/llvm/prebuilt/linux-x86_64/sysroot/usr/lib/i686-linux-android/21/crtend_android.o


Parsed C implicit link information from above output:
  link line regex: [^( *|.*[/\])(i686-linux-android-ld|CMAKE_LINK_STARTFILE-NOTFOUND|([^/\]+-)?ld|collect2)[^/\]*( |$)]
  ignore line: [Change Dir: /home/arisetiawan4601/Dev/BaktiLabB201/OpenCV451/.cxx/cmake/release/x86/CMakeFiles/CMakeTmp]
  ignore line: []
  ignore line: [Run Build Command:"/home/arisetiawan4601/Android/Sdk/cmake/3.10.2.4988404/bin/ninja" "cmTC_f15f5"]
  ignore line: [[1/2] Building C object CMakeFiles/cmTC_f15f5.dir/CMakeCCompilerABI.c.o]
  ignore line: [[2/2] Linking C executable cmTC_f15f5]
  ignore line: [Android (6317467 based on r365631c1) clang version 9.0.8 (https://android.googlesource.com/toolchain/llvm-project e0caee08e5f09b374a27a676d04978c81fcb1928) (based on LLVM 9.0.8svn)]
  ignore line: [Target: i686-none-linux-android21]
  ignore line: [Thread model: posix]
  ignore line: [InstalledDir: /home/arisetiawan4601/Android/Sdk/ndk/21.1.6352462/toolchains/llvm/prebuilt/linux-x86_64/bin]
  ignore line: [Found candidate GCC installation: /home/arisetiawan4601/Android/Sdk/ndk/21.1.6352462/toolchains/llvm/prebuilt/linux-x86_64/lib/gcc/i686-linux-android/4.9.x]
  ignore line: [Found candidate GCC installation: /home/arisetiawan4601/Android/Sdk/ndk/21.1.6352462/toolchains/llvm/prebuilt/linux-x86_64/lib/gcc/x86_64-linux-android/4.9.x]
  ignore line: [Selected GCC installation: /home/arisetiawan4601/Android/Sdk/ndk/21.1.6352462/toolchains/llvm/prebuilt/linux-x86_64/lib/gcc/i686-linux-android/4.9.x]
  ignore line: [Candidate multilib: .]
  ignore line: [@m32]
  ignore line: [Selected multilib: .]
  ignore line: [@m32]
  link line: [ "/home/arisetiawan4601/Android/Sdk/ndk/21.1.6352462/toolchains/llvm/prebuilt/linux-x86_64/lib/gcc/i686-linux-android/4.9.x/../../../../i686-linux-android/bin/ld" --sysroot=/home/arisetiawan4601/Android/Sdk/ndk/21.1.6352462/toolchains/llvm/prebuilt/linux-x86_64/sysroot -pie -z noexecstack --warn-shared-textrel -z now -z relro --hash-style=both --enable-new-dtags --eh-frame-hdr -m elf_i386 -dynamic-linker /system/bin/linker -o cmTC_f15f5 /home/arisetiawan4601/Android/Sdk/ndk/21.1.6352462/toolchains/llvm/prebuilt/linux-x86_64/sysroot/usr/lib/i686-linux-android/21/crtbegin_dynamic.o -L/home/arisetiawan4601/Android/Sdk/ndk/21.1.6352462/toolchains/llvm/prebuilt/linux-x86_64/lib64/clang/9.0.8/lib/linux/i386 -L/home/arisetiawan4601/Android/Sdk/ndk/21.1.6352462/toolchains/llvm/prebuilt/linux-x86_64/lib/gcc/i686-linux-android/4.9.x -L/home/arisetiawan4601/Android/Sdk/ndk/21.1.6352462/toolchains/llvm/prebuilt/linux-x86_64/sysroot/usr/lib/i686-linux-android/21 -L/home/arisetiawan4601/Android/Sdk/ndk/21.1.6352462/toolchains/llvm/prebuilt/linux-x86_64/sysroot/usr/lib/i686-linux-android -L/home/arisetiawan4601/Android/Sdk/ndk/21.1.6352462/toolchains/llvm/prebuilt/linux-x86_64/lib/gcc/i686-linux-android/4.9.x/../../../../i686-linux-android/lib -L/home/arisetiawan4601/Android/Sdk/ndk/21.1.6352462/toolchains/llvm/prebuilt/linux-x86_64/sysroot/usr/lib --exclude-libs libgcc.a --exclude-libs libgcc_real.a --exclude-libs libatomic.a --build-id --fatal-warnings --no-undefined --gc-sections CMakeFiles/cmTC_f15f5.dir/CMakeCCompilerABI.c.o -lgcc -ldl -lc -lgcc -ldl /home/arisetiawan4601/Android/Sdk/ndk/21.1.6352462/toolchains/llvm/prebuilt/linux-x86_64/sysroot/usr/lib/i686-linux-android/21/crtend_android.o]
    arg [/home/arisetiawan4601/Android/Sdk/ndk/21.1.6352462/toolchains/llvm/prebuilt/linux-x86_64/lib/gcc/i686-linux-android/4.9.x/../../../../i686-linux-android/bin/ld] ==> ignore
    arg [--sysroot=/home/arisetiawan4601/Android/Sdk/ndk/21.1.6352462/toolchains/llvm/prebuilt/linux-x86_64/sysroot] ==> ignore
    arg [-pie] ==> ignore
    arg [-znoexecstack] ==> ignore
    arg [--warn-shared-textrel] ==> ignore
    arg [-znow] ==> ignore
    arg [-zrelro] ==> ignore
    arg [--hash-style=both] ==> ignore
    arg [--enable-new-dtags] ==> ignore
    arg [--eh-frame-hdr] ==> ignore
    arg [-m] ==> ignore
    arg [elf_i386] ==> ignore
    arg [-dynamic-linker] ==> ignore
    arg [/system/bin/linker] ==> ignore
    arg [-o] ==> ignore
    arg [cmTC_f15f5] ==> ignore
    arg [/home/arisetiawan4601/Android/Sdk/ndk/21.1.6352462/toolchains/llvm/prebuilt/linux-x86_64/sysroot/usr/lib/i686-linux-android/21/crtbegin_dynamic.o] ==> ignore
    arg [-L/home/arisetiawan4601/Android/Sdk/ndk/21.1.6352462/toolchains/llvm/prebuilt/linux-x86_64/lib64/clang/9.0.8/lib/linux/i386] ==> dir [/home/arisetiawan4601/Android/Sdk/ndk/21.1.6352462/toolchains/llvm/prebuilt/linux-x86_64/lib64/clang/9.0.8/lib/linux/i386]
    arg [-L/home/arisetiawan4601/Android/Sdk/ndk/21.1.6352462/toolchains/llvm/prebuilt/linux-x86_64/lib/gcc/i686-linux-android/4.9.x] ==> dir [/home/arisetiawan4601/Android/Sdk/ndk/21.1.6352462/toolchains/llvm/prebuilt/linux-x86_64/lib/gcc/i686-linux-android/4.9.x]
    arg [-L/home/arisetiawan4601/Android/Sdk/ndk/21.1.6352462/toolchains/llvm/prebuilt/linux-x86_64/sysroot/usr/lib/i686-linux-android/21] ==> dir [/home/arisetiawan4601/Android/Sdk/ndk/21.1.6352462/toolchains/llvm/prebuilt/linux-x86_64/sysroot/usr/lib/i686-linux-android/21]
    arg [-L/home/arisetiawan4601/Android/Sdk/ndk/21.1.6352462/toolchains/llvm/prebuilt/linux-x86_64/sysroot/usr/lib/i686-linux-android] ==> dir [/home/arisetiawan4601/Android/Sdk/ndk/21.1.6352462/toolchains/llvm/prebuilt/linux-x86_64/sysroot/usr/lib/i686-linux-android]
    arg [-L/home/arisetiawan4601/Android/Sdk/ndk/21.1.6352462/toolchains/llvm/prebuilt/linux-x86_64/lib/gcc/i686-linux-android/4.9.x/../../../../i686-linux-android/lib] ==> dir [/home/arisetiawan4601/Android/Sdk/ndk/21.1.6352462/toolchains/llvm/prebuilt/linux-x86_64/lib/gcc/i686-linux-android/4.9.x/../../../../i686-linux-android/lib]
    arg [-L/home/arisetiawan4601/Android/Sdk/ndk/21.1.6352462/toolchains/llvm/prebuilt/linux-x86_64/sysroot/usr/lib] ==> dir [/home/arisetiawan4601/Android/Sdk/ndk/21.1.6352462/toolchains/llvm/prebuilt/linux-x86_64/sysroot/usr/lib]
    arg [--exclude-libs] ==> ignore
    arg [libgcc.a] ==> ignore
    arg [--exclude-libs] ==> ignore
    arg [libgcc_real.a] ==> ignore
    arg [--exclude-libs] ==> ignore
    arg [libatomic.a] ==> ignore
    arg [--build-id] ==> ignore
    arg [--fatal-warnings] ==> ignore
    arg [--no-undefined] ==> ignore
    arg [--gc-sections] ==> ignore
    arg [CMakeFiles/cmTC_f15f5.dir/CMakeCCompilerABI.c.o] ==> ignore
    arg [-lgcc] ==> lib [gcc]
    arg [-ldl] ==> lib [dl]
    arg [-lc] ==> lib [c]
    arg [-lgcc] ==> lib [gcc]
    arg [-ldl] ==> lib [dl]
    arg [/home/arisetiawan4601/Android/Sdk/ndk/21.1.6352462/toolchains/llvm/prebuilt/linux-x86_64/sysroot/usr/lib/i686-linux-android/21/crtend_android.o] ==> ignore
  collapse library dir [/home/arisetiawan4601/Android/Sdk/ndk/21.1.6352462/toolchains/llvm/prebuilt/linux-x86_64/lib64/clang/9.0.8/lib/linux/i386] ==> [/home/arisetiawan4601/Android/Sdk/ndk/21.1.6352462/toolchains/llvm/prebuilt/linux-x86_64/lib64/clang/9.0.8/lib/linux/i386]
  collapse library dir [/home/arisetiawan4601/Android/Sdk/ndk/21.1.6352462/toolchains/llvm/prebuilt/linux-x86_64/lib/gcc/i686-linux-android/4.9.x] ==> [/home/arisetiawan4601/Android/Sdk/ndk/21.1.6352462/toolchains/llvm/prebuilt/linux-x86_64/lib/gcc/i686-linux-android/4.9.x]
  collapse library dir [/home/arisetiawan4601/Android/Sdk/ndk/21.1.6352462/toolchains/llvm/prebuilt/linux-x86_64/sysroot/usr/lib/i686-linux-android/21] ==> [/home/arisetiawan4601/Android/Sdk/ndk/21.1.6352462/toolchains/llvm/prebuilt/linux-x86_64/sysroot/usr/lib/i686-linux-android/21]
  collapse library dir [/home/arisetiawan4601/Android/Sdk/ndk/21.1.6352462/toolchains/llvm/prebuilt/linux-x86_64/sysroot/usr/lib/i686-linux-android] ==> [/home/arisetiawan4601/Android/Sdk/ndk/21.1.6352462/toolchains/llvm/prebuilt/linux-x86_64/sysroot/usr/lib/i686-linux-android]
  collapse library dir [/home/arisetiawan4601/Android/Sdk/ndk/21.1.6352462/toolchains/llvm/prebuilt/linux-x86_64/lib/gcc/i686-linux-android/4.9.x/../../../../i686-linux-android/lib] ==> [/home/arisetiawan4601/Android/Sdk/ndk/21.1.6352462/toolchains/llvm/prebuilt/linux-x86_64/i686-linux-android/lib]
  collapse library dir [/home/arisetiawan4601/Android/Sdk/ndk/21.1.6352462/toolchains/llvm/prebuilt/linux-x86_64/sysroot/usr/lib] ==> [/home/arisetiawan4601/Android/Sdk/ndk/21.1.6352462/toolchains/llvm/prebuilt/linux-x86_64/sysroot/usr/lib]
  implicit libs: [gcc;dl;c;gcc;dl]
  implicit dirs: [/home/arisetiawan4601/Android/Sdk/ndk/21.1.6352462/toolchains/llvm/prebuilt/linux-x86_64/lib64/clang/9.0.8/lib/linux/i386;/home/arisetiawan4601/Android/Sdk/ndk/21.1.6352462/toolchains/llvm/prebuilt/linux-x86_64/lib/gcc/i686-linux-android/4.9.x;/home/arisetiawan4601/Android/Sdk/ndk/21.1.6352462/toolchains/llvm/prebuilt/linux-x86_64/sysroot/usr/lib/i686-linux-android/21;/home/arisetiawan4601/Android/Sdk/ndk/21.1.6352462/toolchains/llvm/prebuilt/linux-x86_64/sysroot/usr/lib/i686-linux-android;/home/arisetiawan4601/Android/Sdk/ndk/21.1.6352462/toolchains/llvm/prebuilt/linux-x86_64/i686-linux-android/lib;/home/arisetiawan4601/Android/Sdk/ndk/21.1.6352462/toolchains/llvm/prebuilt/linux-x86_64/sysroot/usr/lib]
  implicit fwks: []




Detecting C [-std=c11] compiler features compiled with the following output:
Change Dir: /home/arisetiawan4601/Dev/BaktiLabB201/OpenCV451/.cxx/cmake/release/x86/CMakeFiles/CMakeTmp

Run Build Command:"/home/arisetiawan4601/Android/Sdk/cmake/3.10.2.4988404/bin/ninja" "cmTC_93556"
[1/2] Building C object CMakeFiles/cmTC_93556.dir/feature_tests.c.o
[2/2] Linking C executable cmTC_93556


    Feature record: C_FEATURE:1c_function_prototypes
    Feature record: C_FEATURE:1c_restrict
    Feature record: C_FEATURE:1c_static_assert
    Feature record: C_FEATURE:1c_variadic_macros


Detecting C [-std=c99] compiler features compiled with the following output:
Change Dir: /home/arisetiawan4601/Dev/BaktiLabB201/OpenCV451/.cxx/cmake/release/x86/CMakeFiles/CMakeTmp

Run Build Command:"/home/arisetiawan4601/Android/Sdk/cmake/3.10.2.4988404/bin/ninja" "cmTC_b0402"
[1/2] Building C object CMakeFiles/cmTC_b0402.dir/feature_tests.c.o
[2/2] Linking C executable cmTC_b0402


    Feature record: C_FEATURE:1c_function_prototypes
    Feature record: C_FEATURE:1c_restrict
    Feature record: C_FEATURE:0c_static_assert
    Feature record: C_FEATURE:1c_variadic_macros


Detecting C [-std=c90] compiler features compiled with the following output:
Change Dir: /home/arisetiawan4601/Dev/BaktiLabB201/OpenCV451/.cxx/cmake/release/x86/CMakeFiles/CMakeTmp

Run Build Command:"/home/arisetiawan4601/Android/Sdk/cmake/3.10.2.4988404/bin/ninja" "cmTC_9d505"
[1/2] Building C object CMakeFiles/cmTC_9d505.dir/feature_tests.c.o
[2/2] Linking C executable cmTC_9d505


    Feature record: C_FEATURE:1c_function_prototypes
    Feature record: C_FEATURE:0c_restrict
    Feature record: C_FEATURE:0c_static_assert
    Feature record: C_FEATURE:0c_variadic_macros
Determining if the CXX compiler works passed with the following output:
Change Dir: /home/arisetiawan4601/Dev/BaktiLabB201/OpenCV451/.cxx/cmake/release/x86/CMakeFiles/CMakeTmp

Run Build Command:"/home/arisetiawan4601/Android/Sdk/cmake/3.10.2.4988404/bin/ninja" "cmTC_4faf7"
[1/2] Building CXX object CMakeFiles/cmTC_4faf7.dir/testCXXCompiler.cxx.o
[2/2] Linking CXX executable cmTC_4faf7


Detecting CXX compiler ABI info compiled with the following output:
Change Dir: /home/arisetiawan4601/Dev/BaktiLabB201/OpenCV451/.cxx/cmake/release/x86/CMakeFiles/CMakeTmp

Run Build Command:"/home/arisetiawan4601/Android/Sdk/cmake/3.10.2.4988404/bin/ninja" "cmTC_3a563"
[1/2] Building CXX object CMakeFiles/cmTC_3a563.dir/CMakeCXXCompilerABI.cpp.o
[2/2] Linking CXX executable cmTC_3a563
Android (6317467 based on r365631c1) clang version 9.0.8 (https://android.googlesource.com/toolchain/llvm-project e0caee08e5f09b374a27a676d04978c81fcb1928) (based on LLVM 9.0.8svn)
Target: i686-none-linux-android21
Thread model: posix
InstalledDir: /home/arisetiawan4601/Android/Sdk/ndk/21.1.6352462/toolchains/llvm/prebuilt/linux-x86_64/bin
Found candidate GCC installation: /home/arisetiawan4601/Android/Sdk/ndk/21.1.6352462/toolchains/llvm/prebuilt/linux-x86_64/lib/gcc/i686-linux-android/4.9.x
Found candidate GCC installation: /home/arisetiawan4601/Android/Sdk/ndk/21.1.6352462/toolchains/llvm/prebuilt/linux-x86_64/lib/gcc/x86_64-linux-android/4.9.x
Selected GCC installation: /home/arisetiawan4601/Android/Sdk/ndk/21.1.6352462/toolchains/llvm/prebuilt/linux-x86_64/lib/gcc/i686-linux-android/4.9.x
Candidate multilib: .;@m32
Selected multilib: .;@m32
 "/home/arisetiawan4601/Android/Sdk/ndk/21.1.6352462/toolchains/llvm/prebuilt/linux-x86_64/lib/gcc/i686-linux-android/4.9.x/../../../../i686-linux-android/bin/ld" --sysroot=/home/arisetiawan4601/Android/Sdk/ndk/21.1.6352462/toolchains/llvm/prebuilt/linux-x86_64/sysroot -pie -z noexecstack --warn-shared-textrel -z now -z relro --hash-style=both --enable-new-dtags --eh-frame-hdr -m elf_i386 -dynamic-linker /system/bin/linker -o cmTC_3a563 /home/arisetiawan4601/Android/Sdk/ndk/21.1.6352462/toolchains/llvm/prebuilt/linux-x86_64/sysroot/usr/lib/i686-linux-android/21/crtbegin_dynamic.o -L/home/arisetiawan4601/Android/Sdk/ndk/21.1.6352462/toolchains/llvm/prebuilt/linux-x86_64/lib64/clang/9.0.8/lib/linux/i386 -L/home/arisetiawan4601/Android/Sdk/ndk/21.1.6352462/toolchains/llvm/prebuilt/linux-x86_64/lib/gcc/i686-linux-android/4.9.x -L/home/arisetiawan4601/Android/Sdk/ndk/21.1.6352462/toolchains/llvm/prebuilt/linux-x86_64/sysroot/usr/lib/i686-linux-android/21 -L/home/arisetiawan4601/Android/Sdk/ndk/21.1.6352462/toolchains/llvm/prebuilt/linux-x86_64/sysroot/usr/lib/i686-linux-android -L/home/arisetiawan4601/Android/Sdk/ndk/21.1.6352462/toolchains/llvm/prebuilt/linux-x86_64/lib/gcc/i686-linux-android/4.9.x/../../../../i686-linux-android/lib -L/home/arisetiawan4601/Android/Sdk/ndk/21.1.6352462/toolchains/llvm/prebuilt/linux-x86_64/sysroot/usr/lib --exclude-libs libgcc.a --exclude-libs libgcc_real.a --exclude-libs libatomic.a --build-id --fatal-warnings --no-undefined --gc-sections CMakeFiles/cmTC_3a563.dir/CMakeCXXCompilerABI.cpp.o -lc++ -lm -lgcc -ldl -lc -lgcc -ldl /home/arisetiawan4601/Android/Sdk/ndk/21.1.6352462/toolchains/llvm/prebuilt/linux-x86_64/sysroot/usr/lib/i686-linux-android/21/crtend_android.o


Parsed CXX implicit link information from above output:
  link line regex: [^( *|.*[/\])(i686-linux-android-ld|CMAKE_LINK_STARTFILE-NOTFOUND|([^/\]+-)?ld|collect2)[^/\]*( |$)]
  ignore line: [Change Dir: /home/arisetiawan4601/Dev/BaktiLabB201/OpenCV451/.cxx/cmake/release/x86/CMakeFiles/CMakeTmp]
  ignore line: []
  ignore line: [Run Build Command:"/home/arisetiawan4601/Android/Sdk/cmake/3.10.2.4988404/bin/ninja" "cmTC_3a563"]
  ignore line: [[1/2] Building CXX object CMakeFiles/cmTC_3a563.dir/CMakeCXXCompilerABI.cpp.o]
  ignore line: [[2/2] Linking CXX executable cmTC_3a563]
  ignore line: [Android (6317467 based on r365631c1) clang version 9.0.8 (https://android.googlesource.com/toolchain/llvm-project e0caee08e5f09b374a27a676d04978c81fcb1928) (based on LLVM 9.0.8svn)]
  ignore line: [Target: i686-none-linux-android21]
  ignore line: [Thread model: posix]
  ignore line: [InstalledDir: /home/arisetiawan4601/Android/Sdk/ndk/21.1.6352462/toolchains/llvm/prebuilt/linux-x86_64/bin]
  ignore line: [Found candidate GCC installation: /home/arisetiawan4601/Android/Sdk/ndk/21.1.6352462/toolchains/llvm/prebuilt/linux-x86_64/lib/gcc/i686-linux-android/4.9.x]
  ignore line: [Found candidate GCC installation: /home/arisetiawan4601/Android/Sdk/ndk/21.1.6352462/toolchains/llvm/prebuilt/linux-x86_64/lib/gcc/x86_64-linux-android/4.9.x]
  ignore line: [Selected GCC installation: /home/arisetiawan4601/Android/Sdk/ndk/21.1.6352462/toolchains/llvm/prebuilt/linux-x86_64/lib/gcc/i686-linux-android/4.9.x]
  ignore line: [Candidate multilib: .]
  ignore line: [@m32]
  ignore line: [Selected multilib: .]
  ignore line: [@m32]
  link line: [ "/home/arisetiawan4601/Android/Sdk/ndk/21.1.6352462/toolchains/llvm/prebuilt/linux-x86_64/lib/gcc/i686-linux-android/4.9.x/../../../../i686-linux-android/bin/ld" --sysroot=/home/arisetiawan4601/Android/Sdk/ndk/21.1.6352462/toolchains/llvm/prebuilt/linux-x86_64/sysroot -pie -z noexecstack --warn-shared-textrel -z now -z relro --hash-style=both --enable-new-dtags --eh-frame-hdr -m elf_i386 -dynamic-linker /system/bin/linker -o cmTC_3a563 /home/arisetiawan4601/Android/Sdk/ndk/21.1.6352462/toolchains/llvm/prebuilt/linux-x86_64/sysroot/usr/lib/i686-linux-android/21/crtbegin_dynamic.o -L/home/arisetiawan4601/Android/Sdk/ndk/21.1.6352462/toolchains/llvm/prebuilt/linux-x86_64/lib64/clang/9.0.8/lib/linux/i386 -L/home/arisetiawan4601/Android/Sdk/ndk/21.1.6352462/toolchains/llvm/prebuilt/linux-x86_64/lib/gcc/i686-linux-android/4.9.x -L/home/arisetiawan4601/Android/Sdk/ndk/21.1.6352462/toolchains/llvm/prebuilt/linux-x86_64/sysroot/usr/lib/i686-linux-android/21 -L/home/arisetiawan4601/Android/Sdk/ndk/21.1.6352462/toolchains/llvm/prebuilt/linux-x86_64/sysroot/usr/lib/i686-linux-android -L/home/arisetiawan4601/Android/Sdk/ndk/21.1.6352462/toolchains/llvm/prebuilt/linux-x86_64/lib/gcc/i686-linux-android/4.9.x/../../../../i686-linux-android/lib -L/home/arisetiawan4601/Android/Sdk/ndk/21.1.6352462/toolchains/llvm/prebuilt/linux-x86_64/sysroot/usr/lib --exclude-libs libgcc.a --exclude-libs libgcc_real.a --exclude-libs libatomic.a --build-id --fatal-warnings --no-undefined --gc-sections CMakeFiles/cmTC_3a563.dir/CMakeCXXCompilerABI.cpp.o -lc++ -lm -lgcc -ldl -lc -lgcc -ldl /home/arisetiawan4601/Android/Sdk/ndk/21.1.6352462/toolchains/llvm/prebuilt/linux-x86_64/sysroot/usr/lib/i686-linux-android/21/crtend_android.o]
    arg [/home/arisetiawan4601/Android/Sdk/ndk/21.1.6352462/toolchains/llvm/prebuilt/linux-x86_64/lib/gcc/i686-linux-android/4.9.x/../../../../i686-linux-android/bin/ld] ==> ignore
    arg [--sysroot=/home/arisetiawan4601/Android/Sdk/ndk/21.1.6352462/toolchains/llvm/prebuilt/linux-x86_64/sysroot] ==> ignore
    arg [-pie] ==> ignore
    arg [-znoexecstack] ==> ignore
    arg [--warn-shared-textrel] ==> ignore
    arg [-znow] ==> ignore
    arg [-zrelro] ==> ignore
    arg [--hash-style=both] ==> ignore
    arg [--enable-new-dtags] ==> ignore
    arg [--eh-frame-hdr] ==> ignore
    arg [-m] ==> ignore
    arg [elf_i386] ==> ignore
    arg [-dynamic-linker] ==> ignore
    arg [/system/bin/linker] ==> ignore
    arg [-o] ==> ignore
    arg [cmTC_3a563] ==> ignore
    arg [/home/arisetiawan4601/Android/Sdk/ndk/21.1.6352462/toolchains/llvm/prebuilt/linux-x86_64/sysroot/usr/lib/i686-linux-android/21/crtbegin_dynamic.o] ==> ignore
    arg [-L/home/arisetiawan4601/Android/Sdk/ndk/21.1.6352462/toolchains/llvm/prebuilt/linux-x86_64/lib64/clang/9.0.8/lib/linux/i386] ==> dir [/home/arisetiawan4601/Android/Sdk/ndk/21.1.6352462/toolchains/llvm/prebuilt/linux-x86_64/lib64/clang/9.0.8/lib/linux/i386]
    arg [-L/home/arisetiawan4601/Android/Sdk/ndk/21.1.6352462/toolchains/llvm/prebuilt/linux-x86_64/lib/gcc/i686-linux-android/4.9.x] ==> dir [/home/arisetiawan4601/Android/Sdk/ndk/21.1.6352462/toolchains/llvm/prebuilt/linux-x86_64/lib/gcc/i686-linux-android/4.9.x]
    arg [-L/home/arisetiawan4601/Android/Sdk/ndk/21.1.6352462/toolchains/llvm/prebuilt/linux-x86_64/sysroot/usr/lib/i686-linux-android/21] ==> dir [/home/arisetiawan4601/Android/Sdk/ndk/21.1.6352462/toolchains/llvm/prebuilt/linux-x86_64/sysroot/usr/lib/i686-linux-android/21]
    arg [-L/home/arisetiawan4601/Android/Sdk/ndk/21.1.6352462/toolchains/llvm/prebuilt/linux-x86_64/sysroot/usr/lib/i686-linux-android] ==> dir [/home/arisetiawan4601/Android/Sdk/ndk/21.1.6352462/toolchains/llvm/prebuilt/linux-x86_64/sysroot/usr/lib/i686-linux-android]
    arg [-L/home/arisetiawan4601/Android/Sdk/ndk/21.1.6352462/toolchains/llvm/prebuilt/linux-x86_64/lib/gcc/i686-linux-android/4.9.x/../../../../i686-linux-android/lib] ==> dir [/home/arisetiawan4601/Android/Sdk/ndk/21.1.6352462/toolchains/llvm/prebuilt/linux-x86_64/lib/gcc/i686-linux-android/4.9.x/../../../../i686-linux-android/lib]
    arg [-L/home/arisetiawan4601/Android/Sdk/ndk/21.1.6352462/toolchains/llvm/prebuilt/linux-x86_64/sysroot/usr/lib] ==> dir [/home/arisetiawan4601/Android/Sdk/ndk/21.1.6352462/toolchains/llvm/prebuilt/linux-x86_64/sysroot/usr/lib]
    arg [--exclude-libs] ==> ignore
    arg [libgcc.a] ==> ignore
    arg [--exclude-libs] ==> ignore
    arg [libgcc_real.a] ==> ignore
    arg [--exclude-libs] ==> ignore
    arg [libatomic.a] ==> ignore
    arg [--build-id] ==> ignore
    arg [--fatal-warnings] ==> ignore
    arg [--no-undefined] ==> ignore
    arg [--gc-sections] ==> ignore
    arg [CMakeFiles/cmTC_3a563.dir/CMakeCXXCompilerABI.cpp.o] ==> ignore
    arg [-lc++] ==> lib [c++]
    arg [-lm] ==> lib [m]
    arg [-lgcc] ==> lib [gcc]
    arg [-ldl] ==> lib [dl]
    arg [-lc] ==> lib [c]
    arg [-lgcc] ==> lib [gcc]
    arg [-ldl] ==> lib [dl]
    arg [/home/arisetiawan4601/Android/Sdk/ndk/21.1.6352462/toolchains/llvm/prebuilt/linux-x86_64/sysroot/usr/lib/i686-linux-android/21/crtend_android.o] ==> ignore
  collapse library dir [/home/arisetiawan4601/Android/Sdk/ndk/21.1.6352462/toolchains/llvm/prebuilt/linux-x86_64/lib64/clang/9.0.8/lib/linux/i386] ==> [/home/arisetiawan4601/Android/Sdk/ndk/21.1.6352462/toolchains/llvm/prebuilt/linux-x86_64/lib64/clang/9.0.8/lib/linux/i386]
  collapse library dir [/home/arisetiawan4601/Android/Sdk/ndk/21.1.6352462/toolchains/llvm/prebuilt/linux-x86_64/lib/gcc/i686-linux-android/4.9.x] ==> [/home/arisetiawan4601/Android/Sdk/ndk/21.1.6352462/toolchains/llvm/prebuilt/linux-x86_64/lib/gcc/i686-linux-android/4.9.x]
  collapse library dir [/home/arisetiawan4601/Android/Sdk/ndk/21.1.6352462/toolchains/llvm/prebuilt/linux-x86_64/sysroot/usr/lib/i686-linux-android/21] ==> [/home/arisetiawan4601/Android/Sdk/ndk/21.1.6352462/toolchains/llvm/prebuilt/linux-x86_64/sysroot/usr/lib/i686-linux-android/21]
  collapse library dir [/home/arisetiawan4601/Android/Sdk/ndk/21.1.6352462/toolchains/llvm/prebuilt/linux-x86_64/sysroot/usr/lib/i686-linux-android] ==> [/home/arisetiawan4601/Android/Sdk/ndk/21.1.6352462/toolchains/llvm/prebuilt/linux-x86_64/sysroot/usr/lib/i686-linux-android]
  collapse library dir [/home/arisetiawan4601/Android/Sdk/ndk/21.1.6352462/toolchains/llvm/prebuilt/linux-x86_64/lib/gcc/i686-linux-android/4.9.x/../../../../i686-linux-android/lib] ==> [/home/arisetiawan4601/Android/Sdk/ndk/21.1.6352462/toolchains/llvm/prebuilt/linux-x86_64/i686-linux-android/lib]
  collapse library dir [/home/arisetiawan4601/Android/Sdk/ndk/21.1.6352462/toolchains/llvm/prebuilt/linux-x86_64/sysroot/usr/lib] ==> [/home/arisetiawan4601/Android/Sdk/ndk/21.1.6352462/toolchains/llvm/prebuilt/linux-x86_64/sysroot/usr/lib]
  implicit libs: [c++;m;gcc;dl;c;gcc;dl]
  implicit dirs: [/home/arisetiawan4601/Android/Sdk/ndk/21.1.6352462/toolchains/llvm/prebuilt/linux-x86_64/lib64/clang/9.0.8/lib/linux/i386;/home/arisetiawan4601/Android/Sdk/ndk/21.1.6352462/toolchains/llvm/prebuilt/linux-x86_64/lib/gcc/i686-linux-android/4.9.x;/home/arisetiawan4601/Android/Sdk/ndk/21.1.6352462/toolchains/llvm/prebuilt/linux-x86_64/sysroot/usr/lib/i686-linux-android/21;/home/arisetiawan4601/Android/Sdk/ndk/21.1.6352462/toolchains/llvm/prebuilt/linux-x86_64/sysroot/usr/lib/i686-linux-android;/home/arisetiawan4601/Android/Sdk/ndk/21.1.6352462/toolchains/llvm/prebuilt/linux-x86_64/i686-linux-android/lib;/home/arisetiawan4601/Android/Sdk/ndk/21.1.6352462/toolchains/llvm/prebuilt/linux-x86_64/sysroot/usr/lib]
  implicit fwks: []




Detecting CXX [-std=c++1z] compiler features compiled with the following output:
Change Dir: /home/arisetiawan4601/Dev/BaktiLabB201/OpenCV451/.cxx/cmake/release/x86/CMakeFiles/CMakeTmp

Run Build Command:"/home/arisetiawan4601/Android/Sdk/cmake/3.10.2.4988404/bin/ninja" "cmTC_6681e"
[1/2] Building CXX object CMakeFiles/cmTC_6681e.dir/feature_tests.cxx.o
[2/2] Linking CXX executable cmTC_6681e


    Feature record: CXX_FEATURE:1cxx_aggregate_default_initializers
    Feature record: CXX_FEATURE:1cxx_alias_templates
    Feature record: CXX_FEATURE:1cxx_alignas
    Feature record: CXX_FEATURE:1cxx_alignof
    Feature record: CXX_FEATURE:1cxx_attributes
    Feature record: CXX_FEATURE:1cxx_attribute_deprecated
    Feature record: CXX_FEATURE:1cxx_auto_type
    Feature record: CXX_FEATURE:1cxx_binary_literals
    Feature record: CXX_FEATURE:1cxx_constexpr
    Feature record: CXX_FEATURE:1cxx_contextual_conversions
    Feature record: CXX_FEATURE:1cxx_decltype
    Feature record: CXX_FEATURE:1cxx_decltype_auto
    Feature record: CXX_FEATURE:1cxx_decltype_incomplete_return_types
    Feature record: CXX_FEATURE:1cxx_default_function_template_args
    Feature record: CXX_FEATURE:1cxx_defaulted_functions
    Feature record: CXX_FEATURE:1cxx_defaulted_move_initializers
    Feature record: CXX_FEATURE:1cxx_delegating_constructors
    Feature record: CXX_FEATURE:1cxx_deleted_functions
    Feature record: CXX_FEATURE:1cxx_digit_separators
    Feature record: CXX_FEATURE:1cxx_enum_forward_declarations
    Feature record: CXX_FEATURE:1cxx_explicit_conversions
    Feature record: CXX_FEATURE:1cxx_extended_friend_declarations
    Feature record: CXX_FEATURE:1cxx_extern_templates
    Feature record: CXX_FEATURE:1cxx_final
    Feature record: CXX_FEATURE:1cxx_func_identifier
    Feature record: CXX_FEATURE:1cxx_generalized_initializers
    Feature record: CXX_FEATURE:1cxx_generic_lambdas
    Feature record: CXX_FEATURE:1cxx_inheriting_constructors
    Feature record: CXX_FEATURE:1cxx_inline_namespaces
    Feature record: CXX_FEATURE:1cxx_lambdas
    Feature record: CXX_FEATURE:1cxx_lambda_init_captures
    Feature record: CXX_FEATURE:1cxx_local_type_template_args
    Feature record: CXX_FEATURE:1cxx_long_long_type
    Feature record: CXX_FEATURE:1cxx_noexcept
    Feature record: CXX_FEATURE:1cxx_nonstatic_member_init
    Feature record: CXX_FEATURE:1cxx_nullptr
    Feature record: CXX_FEATURE:1cxx_override
    Feature record: CXX_FEATURE:1cxx_range_for
    Feature record: CXX_FEATURE:1cxx_raw_string_literals
    Feature record: CXX_FEATURE:1cxx_reference_qualified_functions
    Feature record: CXX_FEATURE:1cxx_relaxed_constexpr
    Feature record: CXX_FEATURE:1cxx_return_type_deduction
    Feature record: CXX_FEATURE:1cxx_right_angle_brackets
    Feature record: CXX_FEATURE:1cxx_rvalue_references
    Feature record: CXX_FEATURE:1cxx_sizeof_member
    Feature record: CXX_FEATURE:1cxx_static_assert
    Feature record: CXX_FEATURE:1cxx_strong_enums
    Feature record: CXX_FEATURE:1cxx_template_template_parameters
    Feature record: CXX_FEATURE:1cxx_thread_local
    Feature record: CXX_FEATURE:1cxx_trailing_return_types
    Feature record: CXX_FEATURE:1cxx_unicode_literals
    Feature record: CXX_FEATURE:1cxx_uniform_initialization
    Feature record: CXX_FEATURE:1cxx_unrestricted_unions
    Feature record: CXX_FEATURE:1cxx_user_literals
    Feature record: CXX_FEATURE:1cxx_variable_templates
    Feature record: CXX_FEATURE:1cxx_variadic_macros
    Feature record: CXX_FEATURE:1cxx_variadic_templates


Detecting CXX [-std=c++14] compiler features compiled with the following output:
Change Dir: /home/arisetiawan4601/Dev/BaktiLabB201/OpenCV451/.cxx/cmake/release/x86/CMakeFiles/CMakeTmp

Run Build Command:"/home/arisetiawan4601/Android/Sdk/cmake/3.10.2.4988404/bin/ninja" "cmTC_dd7b3"
[1/2] Building CXX object CMakeFiles/cmTC_dd7b3.dir/feature_tests.cxx.o
[2/2] Linking CXX executable cmTC_dd7b3


    Feature record: CXX_FEATURE:1cxx_aggregate_default_initializers
    Feature record: CXX_FEATURE:1cxx_alias_templates
    Feature record: CXX_FEATURE:1cxx_alignas
    Feature record: CXX_FEATURE:1cxx_alignof
    Feature record: CXX_FEATURE:1cxx_attributes
    Feature record: CXX_FEATURE:1cxx_attribute_deprecated
    Feature record: CXX_FEATURE:1cxx_auto_type
    Feature record: CXX_FEATURE:1cxx_binary_literals
    Feature record: CXX_FEATURE:1cxx_constexpr
    Feature record: CXX_FEATURE:1cxx_contextual_conversions
    Feature record: CXX_FEATURE:1cxx_decltype
    Feature record: CXX_FEATURE:1cxx_decltype_auto
    Feature record: CXX_FEATURE:1cxx_decltype_incomplete_return_types
    Feature record: CXX_FEATURE:1cxx_default_function_template_args
    Feature record: CXX_FEATURE:1cxx_defaulted_functions
    Feature record: CXX_FEATURE:1cxx_defaulted_move_initializers
    Feature record: CXX_FEATURE:1cxx_delegating_constructors
    Feature record: CXX_FEATURE:1cxx_deleted_functions
    Feature record: CXX_FEATURE:1cxx_digit_separators
    Feature record: CXX_FEATURE:1cxx_enum_forward_declarations
    Feature record: CXX_FEATURE:1cxx_explicit_conversions
    Feature record: CXX_FEATURE:1cxx_extended_friend_declarations
    Feature record: CXX_FEATURE:1cxx_extern_templates
    Feature record: CXX_FEATURE:1cxx_final
    Feature record: CXX_FEATURE:1cxx_func_identifier
    Feature record: CXX_FEATURE:1cxx_generalized_initializers
    Feature record: CXX_FEATURE:1cxx_generic_lambdas
    Feature record: CXX_FEATURE:1cxx_inheriting_constructors
    Feature record: CXX_FEATURE:1cxx_inline_namespaces
    Feature record: CXX_FEATURE:1cxx_lambdas
    Feature record: CXX_FEATURE:1cxx_lambda_init_captures
    Feature record: CXX_FEATURE:1cxx_local_type_template_args
    Feature record: CXX_FEATURE:1cxx_long_long_type
    Feature record: CXX_FEATURE:1cxx_noexcept
    Feature record: CXX_FEATURE:1cxx_nonstatic_member_init
    Feature record: CXX_FEATURE:1cxx_nullptr
    Feature record: CXX_FEATURE:1cxx_override
    Feature record: CXX_FEATURE:1cxx_range_for
    Feature record: CXX_FEATURE:1cxx_raw_string_literals
    Feature record: CXX_FEATURE:1cxx_reference_qualified_functions
    Feature record: CXX_FEATURE:1cxx_relaxed_constexpr
    Feature record: CXX_FEATURE:1cxx_return_type_deduction
    Feature record: CXX_FEATURE:1cxx_right_angle_brackets
    Feature record: CXX_FEATURE:1cxx_rvalue_references
    Feature record: CXX_FEATURE:1cxx_sizeof_member
    Feature record: CXX_FEATURE:1cxx_static_assert
    Feature record: CXX_FEATURE:1cxx_strong_enums
    Feature record: CXX_FEATURE:1cxx_template_template_parameters
    Feature record: CXX_FEATURE:1cxx_thread_local
    Feature record: CXX_FEATURE:1cxx_trailing_return_types
    Feature record: CXX_FEATURE:1cxx_unicode_literals
    Feature record: CXX_FEATURE:1cxx_uniform_initialization
    Feature record: CXX_FEATURE:1cxx_unrestricted_unions
    Feature record: CXX_FEATURE:1cxx_user_literals
    Feature record: CXX_FEATURE:1cxx_variable_templates
    Feature record: CXX_FEATURE:1cxx_variadic_macros
    Feature record: CXX_FEATURE:1cxx_variadic_templates


Detecting CXX [-std=c++11] compiler features compiled with the following output:
Change Dir: /home/arisetiawan4601/Dev/BaktiLabB201/OpenCV451/.cxx/cmake/release/x86/CMakeFiles/CMakeTmp

Run Build Command:"/home/arisetiawan4601/Android/Sdk/cmake/3.10.2.4988404/bin/ninja" "cmTC_690cb"
[1/2] Building CXX object CMakeFiles/cmTC_690cb.dir/feature_tests.cxx.o
[2/2] Linking CXX executable cmTC_690cb


    Feature record: CXX_FEATURE:0cxx_aggregate_default_initializers
    Feature record: CXX_FEATURE:1cxx_alias_templates
    Feature record: CXX_FEATURE:1cxx_alignas
    Feature record: CXX_FEATURE:1cxx_alignof
    Feature record: CXX_FEATURE:1cxx_attributes
    Feature record: CXX_FEATURE:0cxx_attribute_deprecated
    Feature record: CXX_FEATURE:1cxx_auto_type
    Feature record: CXX_FEATURE:0cxx_binary_literals
    Feature record: CXX_FEATURE:1cxx_constexpr
    Feature record: CXX_FEATURE:0cxx_contextual_conversions
    Feature record: CXX_FEATURE:1cxx_decltype
    Feature record: CXX_FEATURE:0cxx_decltype_auto
    Feature record: CXX_FEATURE:1cxx_decltype_incomplete_return_types
    Feature record: CXX_FEATURE:1cxx_default_function_template_args
    Feature record: CXX_FEATURE:1cxx_defaulted_functions
    Feature record: CXX_FEATURE:1cxx_defaulted_move_initializers
    Feature record: CXX_FEATURE:1cxx_delegating_constructors
    Feature record: CXX_FEATURE:1cxx_deleted_functions
    Feature record: CXX_FEATURE:0cxx_digit_separators
    Feature record: CXX_FEATURE:1cxx_enum_forward_declarations
    Feature record: CXX_FEATURE:1cxx_explicit_conversions
    Feature record: CXX_FEATURE:1cxx_extended_friend_declarations
    Feature record: CXX_FEATURE:1cxx_extern_templates
    Feature record: CXX_FEATURE:1cxx_final
    Feature record: CXX_FEATURE:1cxx_func_identifier
    Feature record: CXX_FEATURE:1cxx_generalized_initializers
    Feature record: CXX_FEATURE:0cxx_generic_lambdas
    Feature record: CXX_FEATURE:1cxx_inheriting_constructors
    Feature record: CXX_FEATURE:1cxx_inline_namespaces
    Feature record: CXX_FEATURE:1cxx_lambdas
    Feature record: CXX_FEATURE:0cxx_lambda_init_captures
    Feature record: CXX_FEATURE:1cxx_local_type_template_args
    Feature record: CXX_FEATURE:1cxx_long_long_type
    Feature record: CXX_FEATURE:1cxx_noexcept
    Feature record: CXX_FEATURE:1cxx_nonstatic_member_init
    Feature record: CXX_FEATURE:1cxx_nullptr
    Feature record: CXX_FEATURE:1cxx_override
    Feature record: CXX_FEATURE:1cxx_range_for
    Feature record: CXX_FEATURE:1cxx_raw_string_literals
    Feature record: CXX_FEATURE:1cxx_reference_qualified_functions
    Feature record: CXX_FEATURE:0cxx_relaxed_constexpr
    Feature record: CXX_FEATURE:0cxx_return_type_deduction
    Feature record: CXX_FEATURE:1cxx_right_angle_brackets
    Feature record: CXX_FEATURE:1cxx_rvalue_references
    Feature record: CXX_FEATURE:1cxx_sizeof_member
    Feature record: CXX_FEATURE:1cxx_static_assert
    Feature record: CXX_FEATURE:1cxx_strong_enums
    Feature record: CXX_FEATURE:1cxx_template_template_parameters
    Feature record: CXX_FEATURE:1cxx_thread_local
    Feature record: CXX_FEATURE:1cxx_trailing_return_types
    Feature record: CXX_FEATURE:1cxx_unicode_literals
    Feature record: CXX_FEATURE:1cxx_uniform_initialization
    Feature record: CXX_FEATURE:1cxx_unrestricted_unions
    Feature record: CXX_FEATURE:1cxx_user_literals
    Feature record: CXX_FEATURE:0cxx_variable_templates
    Feature record: CXX_FEATURE:1cxx_variadic_macros
    Feature record: CXX_FEATURE:1cxx_variadic_templates


Detecting CXX [-std=c++98] compiler features compiled with the following output:
Change Dir: /home/arisetiawan4601/Dev/BaktiLabB201/OpenCV451/.cxx/cmake/release/x86/CMakeFiles/CMakeTmp

Run Build Command:"/home/arisetiawan4601/Android/Sdk/cmake/3.10.2.4988404/bin/ninja" "cmTC_59018"
[1/2] Building CXX object CMakeFiles/cmTC_59018.dir/feature_tests.cxx.o
[2/2] Linking CXX executable cmTC_59018


    Feature record: CXX_FEATURE:0cxx_aggregate_default_initializers
    Feature record: CXX_FEATURE:0cxx_alias_templates
    Feature record: CXX_FEATURE:0cxx_alignas
    Feature record: CXX_FEATURE:0cxx_alignof
    Feature record: CXX_FEATURE:0cxx_attributes
    Feature record: CXX_FEATURE:0cxx_attribute_deprecated
    Feature record: CXX_FEATURE:0cxx_auto_type
    Feature record: CXX_FEATURE:0cxx_binary_literals
    Feature record: CXX_FEATURE:0cxx_constexpr
    Feature record: CXX_FEATURE:0cxx_contextual_conversions
    Feature record: CXX_FEATURE:0cxx_decltype
    Feature record: CXX_FEATURE:0cxx_decltype_auto
    Feature record: CXX_FEATURE:0cxx_decltype_incomplete_return_types
    Feature record: CXX_FEATURE:0cxx_default_function_template_args
    Feature record: CXX_FEATURE:0cxx_defaulted_functions
    Feature record: CXX_FEATURE:0cxx_defaulted_move_initializers
    Feature record: CXX_FEATURE:0cxx_delegating_constructors
    Feature record: CXX_FEATURE:0cxx_deleted_functions
    Feature record: CXX_FEATURE:0cxx_digit_separators
    Feature record: CXX_FEATURE:0cxx_enum_forward_declarations
    Feature record: CXX_FEATURE:0cxx_explicit_conversions
    Feature record: CXX_FEATURE:0cxx_extended_friend_declarations
    Feature record: CXX_FEATURE:0cxx_extern_templates
    Feature record: CXX_FEATURE:0cxx_final
    Feature record: CXX_FEATURE:0cxx_func_identifier
    Feature record: CXX_FEATURE:0cxx_generalized_initializers
    Feature record: CXX_FEATURE:0cxx_generic_lambdas
    Feature record: CXX_FEATURE:0cxx_inheriting_constructors
    Feature record: CXX_FEATURE:0cxx_inline_namespaces
    Feature record: CXX_FEATURE:0cxx_lambdas
    Feature record: CXX_FEATURE:0cxx_lambda_init_captures
    Feature record: CXX_FEATURE:0cxx_local_type_template_args
    Feature record: CXX_FEATURE:0cxx_long_long_type
    Feature record: CXX_FEATURE:0cxx_noexcept
    Feature record: CXX_FEATURE:0cxx_nonstatic_member_init
    Feature record: CXX_FEATURE:0cxx_nullptr
    Feature record: CXX_FEATURE:0cxx_override
    Feature record: CXX_FEATURE:0cxx_range_for
    Feature record: CXX_FEATURE:0cxx_raw_string_literals
    Feature record: CXX_FEATURE:0cxx_reference_qualified_functions
    Feature record: CXX_FEATURE:0cxx_relaxed_constexpr
    Feature record: CXX_FEATURE:0cxx_return_type_deduction
    Feature record: CXX_FEATURE:0cxx_right_angle_brackets
    Feature record: CXX_FEATURE:0cxx_rvalue_references
    Feature record: CXX_FEATURE:0cxx_sizeof_member
    Feature record: CXX_FEATURE:0cxx_static_assert
    Feature record: CXX_FEATURE:0cxx_strong_enums
    Feature record: CXX_FEATURE:1cxx_template_template_parameters
    Feature record: CXX_FEATURE:0cxx_thread_local
    Feature record: CXX_FEATURE:0cxx_trailing_return_types
    Feature record: CXX_FEATURE:0cxx_unicode_literals
    Feature record: CXX_FEATURE:0cxx_uniform_initialization
    Feature record: CXX_FEATURE:0cxx_unrestricted_unions
    Feature record: CXX_FEATURE:0cxx_user_literals
    Feature record: CXX_FEATURE:0cxx_variable_templates
    Feature record: CXX_FEATURE:0cxx_variadic_macros
    Feature record: CXX_FEATURE:0cxx_variadic_templates
